android/app/build/intermediates/manifest_merge_blame_file/release/manifest-merger-blame-release-report.txt
1<?xml version="1.0" encoding="utf-8"?>
2<manifest xmlns:android="http://schemas.android.com/apk/res/android"
3    package="com.vibex"
4    android:versionCode="1"
5    android:versionName="1.0" >
6
7    <uses-sdk
8        android:minSdkVersion="21"
8-->src/main/AndroidManifest.xml
9        android:targetSdkVersion="31" />
9-->src/main/AndroidManifest.xml
10
11    <uses-permission android:name="android.permission.INTERNET" />
11-->src/main/AndroidManifest.xml:4:5-67
11-->src/main/AndroidManifest.xml:4:22-64
12    <uses-permission android:name="android.permission.CAMERA" />
12-->src/main/AndroidManifest.xml:5:4-63
12-->src/main/AndroidManifest.xml:5:21-61
13    <uses-permission android:name="android.permission.WRITE_EXTERNAL_STORAGE" />
13-->src/main/AndroidManifest.xml:6:4-79
13-->src/main/AndroidManifest.xml:6:21-77
14    <uses-permission android:name="android.permission.ACCESS_NETWORK_STATE" />
14-->[:react-native-community_netinfo] AndroidManifest.xml:9:5-79
14-->[:react-native-community_netinfo] AndroidManifest.xml:9:22-76
15    <uses-permission android:name="android.permission.ACCESS_WIFI_STATE" />
15-->[:react-native-community_netinfo] AndroidManifest.xml:10:5-76
15-->[:react-native-community_netinfo] AndroidManifest.xml:10:22-73
16    <uses-permission android:name="android.permission.WAKE_LOCK" />
16-->[:react-native-firebase_auth] AndroidManifest.xml:10:5-68
16-->[:react-native-firebase_auth] AndroidManifest.xml:10:22-65
17    <uses-permission android:name="android.permission.POST_NOTIFICATIONS" /> <!-- Required by older versions of Google Play services to create IID tokens -->
17-->[com.google.firebase:firebase-messaging:23.0.8] AndroidManifest.xml:26:5-77
17-->[com.google.firebase:firebase-messaging:23.0.8] AndroidManifest.xml:26:22-74
18    <uses-permission android:name="com.google.android.c2dm.permission.RECEIVE" />
18-->[com.google.firebase:firebase-messaging:23.0.8] AndroidManifest.xml:29:5-82
18-->[com.google.firebase:firebase-messaging:23.0.8] AndroidManifest.xml:29:22-79
19    <uses-permission android:name="android.permission.RECEIVE_BOOT_COMPLETED" />
19-->[androidx.work:work-runtime:2.7.1] AndroidManifest.xml:27:5-81
19-->[androidx.work:work-runtime:2.7.1] AndroidManifest.xml:27:22-78
20    <uses-permission android:name="android.permission.FOREGROUND_SERVICE" />
20-->[androidx.work:work-runtime:2.7.1] AndroidManifest.xml:28:5-77
20-->[androidx.work:work-runtime:2.7.1] AndroidManifest.xml:28:22-74
21    <uses-permission android:name="android.permission.VIBRATE" />
21-->[app.notifee:core:202108261754] AndroidManifest.xml:13:5-66
21-->[app.notifee:core:202108261754] AndroidManifest.xml:13:22-63
22    <uses-permission android:name="android.permission.USE_FULL_SCREEN_INTENT" />
22-->[app.notifee:core:202108261754] AndroidManifest.xml:16:5-81
22-->[app.notifee:core:202108261754] AndroidManifest.xml:16:22-78
23    <uses-permission android:name="android.permission.SCHEDULE_EXACT_ALARM" />
23-->[app.notifee:core:202108261754] AndroidManifest.xml:17:5-79
23-->[app.notifee:core:202108261754] AndroidManifest.xml:17:22-76
24    <uses-permission
24-->[app.notifee:core:202108261754] AndroidManifest.xml:18:5-20:38
25        android:name="android.permission.BROADCAST_CLOSE_SYSTEM_DIALOGS"
25-->[app.notifee:core:202108261754] AndroidManifest.xml:19:9-73
26        android:maxSdkVersion="30" /> <!-- For Xiaomi devices to enable heads-up notifications as default (https://github.com/invertase/notifee/issues/296) -->
26-->[app.notifee:core:202108261754] AndroidManifest.xml:20:9-35
27    <uses-permission
27-->[app.notifee:core:202108261754] AndroidManifest.xml:22:5-24:38
28        android:name="android.permission.ACCESS_NOTIFICATION_POLICY"
28-->[app.notifee:core:202108261754] AndroidManifest.xml:23:9-69
29        android:minSdkVersion="23" /> <!-- for android -->
29-->[app.notifee:core:202108261754] AndroidManifest.xml:24:9-35
30    <!-- <uses-permission android:name="com.android.launcher.permission.READ_SETTINGS"/> -->
31    <!-- <uses-permission android:name="com.android.launcher.permission.WRITE_SETTINGS"/> -->
32    <!-- <uses-permission android:name="com.android.launcher.permission.INSTALL_SHORTCUT" /> -->
33    <!-- <uses-permission android:name="com.android.launcher.permission.UNINSTALL_SHORTCUT" /> -->
34    <!-- for Samsung -->
35    <uses-permission android:name="com.sec.android.provider.badge.permission.READ" />
35-->[me.leolin:ShortcutBadger:1.1.22] AndroidManifest.xml:19:5-86
35-->[me.leolin:ShortcutBadger:1.1.22] AndroidManifest.xml:19:22-83
36    <uses-permission android:name="com.sec.android.provider.badge.permission.WRITE" /> <!-- for htc -->
36-->[me.leolin:ShortcutBadger:1.1.22] AndroidManifest.xml:20:5-87
36-->[me.leolin:ShortcutBadger:1.1.22] AndroidManifest.xml:20:22-84
37    <uses-permission android:name="com.htc.launcher.permission.READ_SETTINGS" />
37-->[me.leolin:ShortcutBadger:1.1.22] AndroidManifest.xml:23:5-81
37-->[me.leolin:ShortcutBadger:1.1.22] AndroidManifest.xml:23:22-78
38    <uses-permission android:name="com.htc.launcher.permission.UPDATE_SHORTCUT" /> <!-- for sony -->
38-->[me.leolin:ShortcutBadger:1.1.22] AndroidManifest.xml:24:5-83
38-->[me.leolin:ShortcutBadger:1.1.22] AndroidManifest.xml:24:22-80
39    <uses-permission android:name="com.sonyericsson.home.permission.BROADCAST_BADGE" />
39-->[me.leolin:ShortcutBadger:1.1.22] AndroidManifest.xml:27:5-88
39-->[me.leolin:ShortcutBadger:1.1.22] AndroidManifest.xml:27:22-85
40    <uses-permission android:name="com.sonymobile.home.permission.PROVIDER_INSERT_BADGE" /> <!-- for apex -->
40-->[me.leolin:ShortcutBadger:1.1.22] AndroidManifest.xml:28:5-92
40-->[me.leolin:ShortcutBadger:1.1.22] AndroidManifest.xml:28:22-89
41    <uses-permission android:name="com.anddoes.launcher.permission.UPDATE_COUNT" /> <!-- for solid -->
41-->[me.leolin:ShortcutBadger:1.1.22] AndroidManifest.xml:31:5-84
41-->[me.leolin:ShortcutBadger:1.1.22] AndroidManifest.xml:31:22-81
42    <uses-permission android:name="com.majeur.launcher.permission.UPDATE_BADGE" /> <!-- for huawei -->
42-->[me.leolin:ShortcutBadger:1.1.22] AndroidManifest.xml:34:5-83
42-->[me.leolin:ShortcutBadger:1.1.22] AndroidManifest.xml:34:22-80
43    <uses-permission android:name="com.huawei.android.launcher.permission.CHANGE_BADGE" />
43-->[me.leolin:ShortcutBadger:1.1.22] AndroidManifest.xml:37:5-91
43-->[me.leolin:ShortcutBadger:1.1.22] AndroidManifest.xml:37:22-88
44    <uses-permission android:name="com.huawei.android.launcher.permission.READ_SETTINGS" />
44-->[me.leolin:ShortcutBadger:1.1.22] AndroidManifest.xml:38:5-92
44-->[me.leolin:ShortcutBadger:1.1.22] AndroidManifest.xml:38:22-89
45    <uses-permission android:name="com.huawei.android.launcher.permission.WRITE_SETTINGS" /> <!-- for ZUK -->
45-->[me.leolin:ShortcutBadger:1.1.22] AndroidManifest.xml:39:5-93
45-->[me.leolin:ShortcutBadger:1.1.22] AndroidManifest.xml:39:22-90
46    <uses-permission android:name="android.permission.READ_APP_BADGE" /> <!-- for OPPO -->
46-->[me.leolin:ShortcutBadger:1.1.22] AndroidManifest.xml:42:5-73
46-->[me.leolin:ShortcutBadger:1.1.22] AndroidManifest.xml:42:22-70
47    <uses-permission android:name="com.oppo.launcher.permission.READ_SETTINGS" />
47-->[me.leolin:ShortcutBadger:1.1.22] AndroidManifest.xml:45:5-82
47-->[me.leolin:ShortcutBadger:1.1.22] AndroidManifest.xml:45:22-79
48    <uses-permission android:name="com.oppo.launcher.permission.WRITE_SETTINGS" /> <!-- for EvMe -->
48-->[me.leolin:ShortcutBadger:1.1.22] AndroidManifest.xml:46:5-83
48-->[me.leolin:ShortcutBadger:1.1.22] AndroidManifest.xml:46:22-80
49    <uses-permission android:name="me.everything.badger.permission.BADGE_COUNT_READ" />
49-->[me.leolin:ShortcutBadger:1.1.22] AndroidManifest.xml:49:5-88
49-->[me.leolin:ShortcutBadger:1.1.22] AndroidManifest.xml:49:22-85
50    <uses-permission android:name="me.everything.badger.permission.BADGE_COUNT_WRITE" />
50-->[me.leolin:ShortcutBadger:1.1.22] AndroidManifest.xml:50:5-89
50-->[me.leolin:ShortcutBadger:1.1.22] AndroidManifest.xml:50:22-86
51
52    <application
52-->src/main/AndroidManifest.xml:7:5-26:19
53        android:name="com.vibex.MainApplication"
53-->src/main/AndroidManifest.xml:8:7-38
54        android:allowBackup="false"
54-->src/main/AndroidManifest.xml:12:7-34
55        android:appComponentFactory="androidx.core.app.CoreComponentFactory"
55-->[androidx.core:core:1.7.0] AndroidManifest.xml:24:18-86
56        android:icon="@mipmap/ic_launcher"
56-->src/main/AndroidManifest.xml:10:7-41
57        android:label="@string/app_name"
57-->src/main/AndroidManifest.xml:9:7-39
58        android:roundIcon="@mipmap/ic_launcher_round"
58-->src/main/AndroidManifest.xml:11:7-52
59        android:theme="@style/AppTheme" >
59-->src/main/AndroidManifest.xml:13:7-38
60        <activity
60-->src/main/AndroidManifest.xml:14:7-25:18
61            android:name="com.vibex.MainActivity"
61-->src/main/AndroidManifest.xml:15:9-37
62            android:configChanges="keyboard|keyboardHidden|orientation|screenLayout|screenSize|smallestScreenSize|uiMode"
62-->src/main/AndroidManifest.xml:17:9-118
63            android:exported="true"
63-->src/main/AndroidManifest.xml:20:9-32
64            android:label="@string/app_name"
64-->src/main/AndroidManifest.xml:16:9-41
65            android:launchMode="singleTask"
65-->src/main/AndroidManifest.xml:18:9-40
66            android:windowSoftInputMode="adjustResize" >
66-->src/main/AndroidManifest.xml:19:9-51
67            <intent-filter>
67-->src/main/AndroidManifest.xml:21:9-24:25
68                <action android:name="android.intent.action.MAIN" />
68-->src/main/AndroidManifest.xml:22:13-65
68-->src/main/AndroidManifest.xml:22:21-62
69
70                <category android:name="android.intent.category.LAUNCHER" />
70-->src/main/AndroidManifest.xml:23:13-73
70-->src/main/AndroidManifest.xml:23:23-70
71            </intent-filter>
72        </activity>
73
74        <provider
74-->[:notifee_react-native] AndroidManifest.xml:10:9-14:40
75            android:name="io.invertase.notifee.NotifeeInitProvider"
75-->[:notifee_react-native] AndroidManifest.xml:11:13-68
76            android:authorities="com.vibex.notifee-init-provider"
76-->[:notifee_react-native] AndroidManifest.xml:12:13-73
77            android:exported="false"
77-->[:notifee_react-native] AndroidManifest.xml:13:13-37
78            android:initOrder="-100" />
78-->[:notifee_react-native] AndroidManifest.xml:14:13-37
79
80        <service
80-->[:react-native-firebase_messaging] AndroidManifest.xml:14:9-16:40
81            android:name="io.invertase.firebase.messaging.ReactNativeFirebaseMessagingHeadlessService"
81-->[:react-native-firebase_messaging] AndroidManifest.xml:15:13-103
82            android:exported="false" />
82-->[:react-native-firebase_messaging] AndroidManifest.xml:16:13-37
83        <service
83-->[:react-native-firebase_messaging] AndroidManifest.xml:17:9-23:19
84            android:name="io.invertase.firebase.messaging.ReactNativeFirebaseMessagingService"
84-->[:react-native-firebase_messaging] AndroidManifest.xml:18:13-95
85            android:exported="false" >
85-->[:react-native-firebase_messaging] AndroidManifest.xml:19:13-37
86            <intent-filter>
86-->[:react-native-firebase_messaging] AndroidManifest.xml:20:13-22:29
87                <action android:name="com.google.firebase.MESSAGING_EVENT" />
87-->[:react-native-firebase_messaging] AndroidManifest.xml:21:17-78
87-->[:react-native-firebase_messaging] AndroidManifest.xml:21:25-75
88            </intent-filter>
89        </service>
90
91        <receiver
91-->[:react-native-firebase_messaging] AndroidManifest.xml:25:9-32:20
92            android:name="io.invertase.firebase.messaging.ReactNativeFirebaseMessagingReceiver"
92-->[:react-native-firebase_messaging] AndroidManifest.xml:26:13-96
93            android:exported="true"
93-->[:react-native-firebase_messaging] AndroidManifest.xml:27:13-36
94            android:permission="com.google.android.c2dm.permission.SEND" >
94-->[:react-native-firebase_messaging] AndroidManifest.xml:28:13-73
95            <intent-filter>
95-->[:react-native-firebase_messaging] AndroidManifest.xml:29:13-31:29
96                <action android:name="com.google.android.c2dm.intent.RECEIVE" />
96-->[:react-native-firebase_messaging] AndroidManifest.xml:30:17-81
96-->[:react-native-firebase_messaging] AndroidManifest.xml:30:25-78
97            </intent-filter>
98        </receiver>
99
100        <meta-data
100-->[:react-native-firebase_messaging] AndroidManifest.xml:34:9-36:36
101            android:name="firebase_messaging_auto_init_enabled"
101-->[:react-native-firebase_messaging] AndroidManifest.xml:35:13-64
102            android:value="true" />
102-->[:react-native-firebase_messaging] AndroidManifest.xml:36:13-33
103        <meta-data
103-->[:react-native-firebase_messaging] AndroidManifest.xml:37:9-39:32
104            android:name="com.google.firebase.messaging.default_notification_channel_id"
104-->[:react-native-firebase_messaging] AndroidManifest.xml:38:13-89
105            android:value="" />
105-->[:react-native-firebase_messaging] AndroidManifest.xml:39:13-29
106        <meta-data
106-->[:react-native-firebase_messaging] AndroidManifest.xml:40:9-42:47
107            android:name="com.google.firebase.messaging.default_notification_color"
107-->[:react-native-firebase_messaging] AndroidManifest.xml:41:13-84
108            android:resource="@color/white" />
108-->[:react-native-firebase_messaging] AndroidManifest.xml:42:13-44
109        <meta-data
109-->[:react-native-firebase_app] AndroidManifest.xml:11:9-13:36
110            android:name="app_data_collection_default_enabled"
110-->[:react-native-firebase_app] AndroidManifest.xml:12:13-63
111            android:value="true" />
111-->[:react-native-firebase_app] AndroidManifest.xml:13:13-33
112
113        <service
113-->[:react-native-firebase_app] AndroidManifest.xml:15:9-23:19
114            android:name="com.google.firebase.components.ComponentDiscoveryService"
114-->[:react-native-firebase_app] AndroidManifest.xml:16:13-84
115            android:directBootAware="true"
115-->[:react-native-firebase_app] AndroidManifest.xml:17:13-43
116            android:exported="false" >
116-->[:react-native-firebase_app] AndroidManifest.xml:18:13-37
117            <meta-data
117-->[:react-native-firebase_app] AndroidManifest.xml:20:13-22:85
118                android:name="com.google.firebase.components:io.invertase.firebase.app.ReactNativeFirebaseAppRegistrar"
118-->[:react-native-firebase_app] AndroidManifest.xml:21:17-120
119                android:value="com.google.firebase.components.ComponentRegistrar" />
119-->[:react-native-firebase_app] AndroidManifest.xml:22:17-82
120            <meta-data
120-->[com.google.firebase:firebase-messaging:23.0.8] AndroidManifest.xml:56:13-58:85
121                android:name="com.google.firebase.components:com.google.firebase.messaging.FirebaseMessagingRegistrar"
121-->[com.google.firebase:firebase-messaging:23.0.8] AndroidManifest.xml:57:17-119
122                android:value="com.google.firebase.components.ComponentRegistrar" />
122-->[com.google.firebase:firebase-messaging:23.0.8] AndroidManifest.xml:58:17-82
123            <meta-data
123-->[com.google.firebase:firebase-datatransport:18.1.6] AndroidManifest.xml:28:13-30:85
124                android:name="com.google.firebase.components:com.google.firebase.datatransport.TransportRegistrar"
124-->[com.google.firebase:firebase-datatransport:18.1.6] AndroidManifest.xml:29:17-115
125                android:value="com.google.firebase.components.ComponentRegistrar" />
125-->[com.google.firebase:firebase-datatransport:18.1.6] AndroidManifest.xml:30:17-82
126            <meta-data
126-->[com.google.firebase:firebase-auth:21.0.8] AndroidManifest.xml:67:13-69:85
127                android:name="com.google.firebase.components:com.google.firebase.auth.FirebaseAuthRegistrar"
127-->[com.google.firebase:firebase-auth:21.0.8] AndroidManifest.xml:68:17-109
128                android:value="com.google.firebase.components.ComponentRegistrar" />
128-->[com.google.firebase:firebase-auth:21.0.8] AndroidManifest.xml:69:17-82
129            <meta-data
129-->[com.google.firebase:firebase-iid:21.1.0] AndroidManifest.xml:32:13-34:85
130                android:name="com.google.firebase.components:com.google.firebase.iid.Registrar"
130-->[com.google.firebase:firebase-iid:21.1.0] AndroidManifest.xml:33:17-96
131                android:value="com.google.firebase.components.ComponentRegistrar" />
131-->[com.google.firebase:firebase-iid:21.1.0] AndroidManifest.xml:34:17-82
132            <meta-data
132-->[com.google.firebase:firebase-database:20.0.6] AndroidManifest.xml:32:13-34:85
133                android:name="com.google.firebase.components:com.google.firebase.database.DatabaseRegistrar"
133-->[com.google.firebase:firebase-database:20.0.6] AndroidManifest.xml:33:17-109
134                android:value="com.google.firebase.components.ComponentRegistrar" />
134-->[com.google.firebase:firebase-database:20.0.6] AndroidManifest.xml:34:17-82
135            <meta-data
135-->[com.google.firebase:firebase-installations:17.0.3] AndroidManifest.xml:18:13-20:85
136                android:name="com.google.firebase.components:com.google.firebase.installations.FirebaseInstallationsRegistrar"
136-->[com.google.firebase:firebase-installations:17.0.3] AndroidManifest.xml:19:17-127
137                android:value="com.google.firebase.components.ComponentRegistrar" />
137-->[com.google.firebase:firebase-installations:17.0.3] AndroidManifest.xml:20:17-82
138        </service>
139
140        <provider
140-->[:react-native-firebase_app] AndroidManifest.xml:25:9-29:38
141            android:name="io.invertase.firebase.app.ReactNativeFirebaseAppInitProvider"
141-->[:react-native-firebase_app] AndroidManifest.xml:26:13-88
142            android:authorities="com.vibex.reactnativefirebaseappinitprovider"
142-->[:react-native-firebase_app] AndroidManifest.xml:27:13-86
143            android:exported="false"
143-->[:react-native-firebase_app] AndroidManifest.xml:28:13-37
144            android:initOrder="99" />
144-->[:react-native-firebase_app] AndroidManifest.xml:29:13-35
145        <provider
145-->[:react-native-image-picker] AndroidManifest.xml:10:9-18:20
146            android:name="com.imagepicker.ImagePickerProvider"
146-->[:react-native-image-picker] AndroidManifest.xml:11:13-63
147            android:authorities="com.vibex.imagepickerprovider"
147-->[:react-native-image-picker] AndroidManifest.xml:12:13-71
148            android:exported="false"
148-->[:react-native-image-picker] AndroidManifest.xml:13:13-37
149            android:grantUriPermissions="true" >
149-->[:react-native-image-picker] AndroidManifest.xml:14:13-47
150            <meta-data
150-->[:react-native-image-picker] AndroidManifest.xml:15:13-17:70
151                android:name="android.support.FILE_PROVIDER_PATHS"
151-->[:react-native-image-picker] AndroidManifest.xml:16:17-67
152                android:resource="@xml/imagepicker_provider_paths" />
152-->[:react-native-image-picker] AndroidManifest.xml:17:17-67
153        </provider>
154
155        <receiver
155-->[com.google.firebase:firebase-messaging:23.0.8] AndroidManifest.xml:32:9-39:20
156            android:name="com.google.firebase.iid.FirebaseInstanceIdReceiver"
156-->[com.google.firebase:firebase-messaging:23.0.8] AndroidManifest.xml:33:13-78
157            android:exported="true"
157-->[com.google.firebase:firebase-messaging:23.0.8] AndroidManifest.xml:34:13-36
158            android:permission="com.google.android.c2dm.permission.SEND" >
158-->[com.google.firebase:firebase-messaging:23.0.8] AndroidManifest.xml:35:13-73
159            <intent-filter>
159-->[:react-native-firebase_messaging] AndroidManifest.xml:29:13-31:29
160                <action android:name="com.google.android.c2dm.intent.RECEIVE" />
160-->[:react-native-firebase_messaging] AndroidManifest.xml:30:17-81
160-->[:react-native-firebase_messaging] AndroidManifest.xml:30:25-78
161            </intent-filter>
162        </receiver>
163        <!--
164             FirebaseMessagingService performs security checks at runtime,
165             but set to not exported to explicitly avoid allowing another app to call it.
166        -->
167        <service
167-->[com.google.firebase:firebase-messaging:23.0.8] AndroidManifest.xml:45:9-52:19
168            android:name="com.google.firebase.messaging.FirebaseMessagingService"
168-->[com.google.firebase:firebase-messaging:23.0.8] AndroidManifest.xml:46:13-82
169            android:directBootAware="true"
169-->[com.google.firebase:firebase-messaging:23.0.8] AndroidManifest.xml:47:13-43
170            android:exported="false" >
170-->[com.google.firebase:firebase-messaging:23.0.8] AndroidManifest.xml:48:13-37
171            <intent-filter android:priority="-500" >
171-->[:react-native-firebase_messaging] AndroidManifest.xml:20:13-22:29
172                <action android:name="com.google.firebase.MESSAGING_EVENT" />
172-->[:react-native-firebase_messaging] AndroidManifest.xml:21:17-78
172-->[:react-native-firebase_messaging] AndroidManifest.xml:21:25-75
173            </intent-filter>
174        </service>
175        <service
175-->[com.google.android.datatransport:transport-backend-cct:3.1.7] AndroidManifest.xml:29:9-35:19
176            android:name="com.google.android.datatransport.runtime.backends.TransportBackendDiscovery"
176-->[com.google.android.datatransport:transport-backend-cct:3.1.7] AndroidManifest.xml:30:13-103
177            android:exported="false" >
177-->[com.google.android.datatransport:transport-backend-cct:3.1.7] AndroidManifest.xml:31:13-37
178            <meta-data
178-->[com.google.android.datatransport:transport-backend-cct:3.1.7] AndroidManifest.xml:32:13-34:39
179                android:name="backend:com.google.android.datatransport.cct.CctBackendFactory"
179-->[com.google.android.datatransport:transport-backend-cct:3.1.7] AndroidManifest.xml:33:17-94
180                android:value="cct" />
180-->[com.google.android.datatransport:transport-backend-cct:3.1.7] AndroidManifest.xml:34:17-36
181        </service>
182        <service
182-->[com.google.android.datatransport:transport-runtime:3.1.7] AndroidManifest.xml:26:9-30:19
183            android:name="com.google.android.datatransport.runtime.scheduling.jobscheduling.JobInfoSchedulerService"
183-->[com.google.android.datatransport:transport-runtime:3.1.7] AndroidManifest.xml:27:13-117
184            android:exported="false"
184-->[com.google.android.datatransport:transport-runtime:3.1.7] AndroidManifest.xml:28:13-37
185            android:permission="android.permission.BIND_JOB_SERVICE" >
185-->[com.google.android.datatransport:transport-runtime:3.1.7] AndroidManifest.xml:29:13-69
186        </service>
187
188        <receiver
188-->[com.google.android.datatransport:transport-runtime:3.1.7] AndroidManifest.xml:32:9-34:40
189            android:name="com.google.android.datatransport.runtime.scheduling.jobscheduling.AlarmManagerSchedulerBroadcastReceiver"
189-->[com.google.android.datatransport:transport-runtime:3.1.7] AndroidManifest.xml:33:13-132
190            android:exported="false" />
190-->[com.google.android.datatransport:transport-runtime:3.1.7] AndroidManifest.xml:34:13-37
191
192        <activity
192-->[com.google.firebase:firebase-auth:21.0.8] AndroidManifest.xml:27:9-44:20
193            android:name="com.google.firebase.auth.internal.GenericIdpActivity"
193-->[com.google.firebase:firebase-auth:21.0.8] AndroidManifest.xml:28:13-80
194            android:excludeFromRecents="true"
194-->[com.google.firebase:firebase-auth:21.0.8] AndroidManifest.xml:29:13-46
195            android:exported="true"
195-->[com.google.firebase:firebase-auth:21.0.8] AndroidManifest.xml:30:13-36
196            android:launchMode="singleTask"
196-->[com.google.firebase:firebase-auth:21.0.8] AndroidManifest.xml:31:13-44
197            android:theme="@android:style/Theme.Translucent.NoTitleBar" >
197-->[com.google.firebase:firebase-auth:21.0.8] AndroidManifest.xml:32:13-72
198            <intent-filter>
198-->[com.google.firebase:firebase-auth:21.0.8] AndroidManifest.xml:33:13-43:29
199                <action android:name="android.intent.action.VIEW" />
199-->[com.google.firebase:firebase-auth:21.0.8] AndroidManifest.xml:34:17-69
199-->[com.google.firebase:firebase-auth:21.0.8] AndroidManifest.xml:34:25-66
200
201                <category android:name="android.intent.category.DEFAULT" />
201-->[com.google.firebase:firebase-auth:21.0.8] AndroidManifest.xml:36:17-76
201-->[com.google.firebase:firebase-auth:21.0.8] AndroidManifest.xml:36:27-73
202                <category android:name="android.intent.category.BROWSABLE" />
202-->[com.google.firebase:firebase-auth:21.0.8] AndroidManifest.xml:37:17-78
202-->[com.google.firebase:firebase-auth:21.0.8] AndroidManifest.xml:37:27-75
203
204                <data
204-->[com.google.firebase:firebase-auth:21.0.8] AndroidManifest.xml:39:17-42:51
205                    android:host="firebase.auth"
205-->[com.google.firebase:firebase-auth:21.0.8] AndroidManifest.xml:40:21-49
206                    android:path="/"
206-->[com.google.firebase:firebase-auth:21.0.8] AndroidManifest.xml:41:21-37
207                    android:scheme="genericidp" />
207-->[com.google.firebase:firebase-auth:21.0.8] AndroidManifest.xml:42:21-48
208            </intent-filter>
209        </activity>
210        <activity
210-->[com.google.firebase:firebase-auth:21.0.8] AndroidManifest.xml:45:9-62:20
211            android:name="com.google.firebase.auth.internal.RecaptchaActivity"
211-->[com.google.firebase:firebase-auth:21.0.8] AndroidManifest.xml:46:13-79
212            android:excludeFromRecents="true"
212-->[com.google.firebase:firebase-auth:21.0.8] AndroidManifest.xml:47:13-46
213            android:exported="true"
213-->[com.google.firebase:firebase-auth:21.0.8] AndroidManifest.xml:48:13-36
214            android:launchMode="singleTask"
214-->[com.google.firebase:firebase-auth:21.0.8] AndroidManifest.xml:49:13-44
215            android:theme="@android:style/Theme.Translucent.NoTitleBar" >
215-->[com.google.firebase:firebase-auth:21.0.8] AndroidManifest.xml:50:13-72
216            <intent-filter>
216-->[com.google.firebase:firebase-auth:21.0.8] AndroidManifest.xml:51:13-61:29
217                <action android:name="android.intent.action.VIEW" />
217-->[com.google.firebase:firebase-auth:21.0.8] AndroidManifest.xml:34:17-69
217-->[com.google.firebase:firebase-auth:21.0.8] AndroidManifest.xml:34:25-66
218
219                <category android:name="android.intent.category.DEFAULT" />
219-->[com.google.firebase:firebase-auth:21.0.8] AndroidManifest.xml:36:17-76
219-->[com.google.firebase:firebase-auth:21.0.8] AndroidManifest.xml:36:27-73
220                <category android:name="android.intent.category.BROWSABLE" />
220-->[com.google.firebase:firebase-auth:21.0.8] AndroidManifest.xml:37:17-78
220-->[com.google.firebase:firebase-auth:21.0.8] AndroidManifest.xml:37:27-75
221
222                <data
222-->[com.google.firebase:firebase-auth:21.0.8] AndroidManifest.xml:39:17-42:51
223                    android:host="firebase.auth"
223-->[com.google.firebase:firebase-auth:21.0.8] AndroidManifest.xml:40:21-49
224                    android:path="/"
224-->[com.google.firebase:firebase-auth:21.0.8] AndroidManifest.xml:41:21-37
225                    android:scheme="recaptcha" />
225-->[com.google.firebase:firebase-auth:21.0.8] AndroidManifest.xml:42:21-48
226            </intent-filter>
227        </activity>
228
229        <provider
229-->[androidx.work:work-runtime:2.7.1] AndroidManifest.xml:31:9-39:20
230            android:name="androidx.startup.InitializationProvider"
230-->[androidx.work:work-runtime:2.7.1] AndroidManifest.xml:32:13-67
231            android:authorities="com.vibex.androidx-startup"
231-->[androidx.work:work-runtime:2.7.1] AndroidManifest.xml:33:13-68
232            android:exported="false" >
232-->[androidx.work:work-runtime:2.7.1] AndroidManifest.xml:34:13-37
233            <meta-data
233-->[androidx.work:work-runtime:2.7.1] AndroidManifest.xml:36:13-38:52
234                android:name="androidx.work.WorkManagerInitializer"
234-->[androidx.work:work-runtime:2.7.1] AndroidManifest.xml:37:17-68
235                android:value="androidx.startup" />
235-->[androidx.work:work-runtime:2.7.1] AndroidManifest.xml:38:17-49
236            <meta-data
236-->[androidx.emoji2:emoji2:1.0.0] AndroidManifest.xml:31:13-33:52
237                android:name="androidx.emoji2.text.EmojiCompatInitializer"
237-->[androidx.emoji2:emoji2:1.0.0] AndroidManifest.xml:32:17-75
238                android:value="androidx.startup" />
238-->[androidx.emoji2:emoji2:1.0.0] AndroidManifest.xml:33:17-49
239            <meta-data
239-->[androidx.lifecycle:lifecycle-process:2.4.0] AndroidManifest.xml:31:13-33:52
240                android:name="androidx.lifecycle.ProcessLifecycleInitializer"
240-->[androidx.lifecycle:lifecycle-process:2.4.0] AndroidManifest.xml:32:17-78
241                android:value="androidx.startup" />
241-->[androidx.lifecycle:lifecycle-process:2.4.0] AndroidManifest.xml:33:17-49
242        </provider>
243
244        <service
244-->[androidx.work:work-runtime:2.7.1] AndroidManifest.xml:41:9-46:35
245            android:name="androidx.work.impl.background.systemalarm.SystemAlarmService"
245-->[androidx.work:work-runtime:2.7.1] AndroidManifest.xml:42:13-88
246            android:directBootAware="false"
246-->[androidx.work:work-runtime:2.7.1] AndroidManifest.xml:43:13-44
247            android:enabled="@bool/enable_system_alarm_service_default"
247-->[androidx.work:work-runtime:2.7.1] AndroidManifest.xml:44:13-72
248            android:exported="false" />
248-->[androidx.work:work-runtime:2.7.1] AndroidManifest.xml:45:13-37
249        <service